<?xml version="1.0" encoding="UTF-8"?>
<testng-results ignored="0" total="1" passed="1" failed="0" skipped="0">
  <reporter-output>
  </reporter-output>
  <suite started-at="2025-09-05T11:27:03 IST" name="Default suite" finished-at="2025-09-05T11:27:04 IST" duration-ms="86">
    <groups>
    </groups>
    <test started-at="2025-09-05T11:27:03 IST" name="Default test" finished-at="2025-09-05T11:27:04 IST" duration-ms="86">
      <class name="Handson.Readdata">
        <test-method signature="Readdata()[pri:0, instance:Handson.Readdata@359df09a]" started-at="2025-09-05T11:27:04 IST" name="Readdata" finished-at="2025-09-05T11:27:04 IST" duration-ms="19" status="PASS">
          <reporter-output>
          </reporter-output>
        </test-method> <!-- Readdata -->
      </class> <!-- Handson.Readdata -->
    </test> <!-- Default test -->
  </suite> <!-- Default suite -->
</testng-results>
